<?xml version="1.0" encoding="UTF-8"?>
<!-- Generated by org.testng.reporters.JUnitReportReporter -->
<testsuite skipped="0" hostname="DESKTOP-97JTQ2V" name="demo.LoginTest" tests="1" failures="0" timestamp="2020-11-22T11:48:15 ICT" time="37.112" errors="0">
  <testcase name="loginSuccessful" time="37.112" classname="demo.LoginTest"/>
  <system-out/>
</testsuite> <!-- demo.LoginTest -->
