<?xml version="1.0" encoding="UTF-8"?>
<!-- Generated by org.testng.reporters.JUnitReportReporter -->
<testsuite skipped="0" hostname="FIT-Thuctap10" name="PanelOrder.Normal_BuyOrderTest" tests="1" failures="0" timestamp="2020-12-01T09:41:21 ICT" time="19.700" errors="0">
  <testcase name="TC05_buyOderWrongPassword" time="19.700" classname="PanelOrder.Normal_BuyOrderTest"/>
  <system-out/>
</testsuite> <!-- PanelOrder.Normal_BuyOrderTest -->
