<?xml version="1.0" encoding="UTF-8"?>
<!-- Generated by org.testng.reporters.JUnitReportReporter -->
<<<<<<< HEAD
<testsuite skipped="0" hostname="DESKTOP-97JTQ2V" name="moduleLogin.LoginTest" tests="6" failures="0" timestamp="2020-11-22T18:03:15 ICT" time="51.480" errors="0">
  <testcase name="loginSuccessful" time="12.219" classname="moduleLogin.LoginTest"/>
  <system-out/>
  <testcase name="loginWrongPassword" time="7.750" classname="moduleLogin.LoginTest"/>
  <system-out/>
  <testcase name="loginWrongAccount" time="8.730" classname="moduleLogin.LoginTest"/>
  <system-out/>
  <testcase name="checkUI" time="7.082" classname="moduleLogin.LoginTest"/>
  <system-out/>
  <testcase name="loginWrongAccountPassword" time="7.821" classname="moduleLogin.LoginTest"/>
  <system-out/>
  <testcase name="loginWithSpace" time="7.878" classname="moduleLogin.LoginTest"/>
=======
<testsuite skipped="0" hostname="FIT-Thuctap10" name="moduleLogin.LoginTest" tests="1" failures="0" timestamp="2020-11-23T11:10:37 ICT" time="31.687" errors="0">
  <testcase name="checkLinks" time="31.687" classname="moduleLogin.LoginTest"/>
>>>>>>> branch 'master' of https://github.com/nguyenthithaodream/automationTestingEzTrade
  <system-out/>
</testsuite> <!-- moduleLogin.LoginTest -->
