<?xml version="1.0" encoding="UTF-8"?>
<!-- Generated by org.testng.reporters.JUnitReportReporter -->
<testsuite skipped="0" hostname="FIT-Thuctap10" name="PanelOrder.Normal_SellOrderTest" tests="1" failures="0" timestamp="2020-12-01T09:00:47 ICT" time="21.830" errors="0">
  <testcase name="TC04_reset" time="21.830" classname="PanelOrder.Normal_SellOrderTest"/>
  <system-out/>
</testsuite> <!-- PanelOrder.Normal_SellOrderTest -->
