<?xml version="1.0" encoding="UTF-8"?>
<!-- Generated by org.testng.reporters.JUnitReportReporter -->
<testsuite skipped="0" hostname="FIT-Thuctap10" name="moduleLogin.LoginTest" tests="1" failures="0" timestamp="2020-11-23T11:10:37 ICT" time="31.687" errors="0">
  <testcase name="checkLinks" time="31.687" classname="moduleLogin.LoginTest"/>
  <system-out/>
</testsuite> <!-- moduleLogin.LoginTest -->
