<?xml version="1.0" encoding="UTF-8"?>
<!-- Generated by org.testng.reporters.JUnitReportReporter -->
<testsuite skipped="0" hostname="FIT-Thuctap10" name="PanelOrder.checkValidationTest" tests="1" failures="0" timestamp="2020-11-25T17:30:11 ICT" time="20.587" errors="0">
  <testcase name="checkValidation_KL" time="20.587" classname="PanelOrder.checkValidationTest"/>
  <system-out/>
</testsuite> <!-- PanelOrder.checkValidationTest -->
