<?xml version="1.0" encoding="UTF-8"?>
<!-- Generated by org.testng.reporters.JUnitReportReporter -->
<testsuite skipped="0" hostname="FIT-Thuctap10" name="PanelOrder.checkValidationTest" tests="1" failures="0" timestamp="2020-11-26T11:31:07 ICT" time="20.431" errors="0">
  <testcase name="TC_003_checkValidation_Gia" time="20.431" classname="PanelOrder.checkValidationTest"/>
  <system-out/>
</testsuite> <!-- PanelOrder.checkValidationTest -->
