<?xml version="1.0" encoding="UTF-8"?>
<!-- Generated by org.testng.reporters.JUnitReportReporter -->
<testsuite skipped="0" hostname="DESKTOP-97JTQ2V" name="PanelOrder.BuyOrderTest" tests="1" failures="0" timestamp="2020-11-24T06:35:08 ICT" time="12.120" errors="0">
  <testcase name="f" time="12.120" classname="PanelOrder.BuyOrderTest"/>
  <system-out/>
</testsuite> <!-- PanelOrder.BuyOrderTest -->
