<?xml version="1.0" encoding="UTF-8"?>
<!-- Generated by org.testng.reporters.JUnitReportReporter -->
<testsuite skipped="0" hostname="DESKTOP-97JTQ2V" name="PanelOrder.checkValidationTest" tests="1" failures="0" timestamp="2020-11-25T06:50:41 ICT" time="14.840" errors="0">
  <testcase name="checkValidation_MaCK" time="14.840" classname="PanelOrder.checkValidationTest"/>
  <system-out/>
</testsuite> <!-- PanelOrder.checkValidationTest -->
