<?xml version="1.0" encoding="UTF-8"?>
<!-- Generated by org.testng.reporters.JUnitReportReporter -->
<testsuite skipped="0" hostname="FIT-Thuctap10" name="PanelOrder.Normal_BuyOrderTest" tests="1" failures="0" timestamp="2020-11-30T11:44:42 ICT" time="21.048" errors="0">
  <testcase name="TC_03_buttonReset" time="21.048" classname="PanelOrder.Normal_BuyOrderTest"/>
  <system-out/>
</testsuite> <!-- PanelOrder.Normal_BuyOrderTest -->
