<?xml version="1.0" encoding="UTF-8"?>
<!-- Generated by org.testng.reporters.JUnitReportReporter -->
<testsuite skipped="0" hostname="DESKTOP-HECBG72" name="demo.LoginTest" tests="1" failures="0" timestamp="2020-11-11T11:14:29 ICT" time="16.834" errors="0">
  <testcase name="loginSuccessful" time="16.834" classname="demo.LoginTest"/>
  <system-out/>
</testsuite> <!-- demo.LoginTest -->
